<html>
<head>
<title>TestNG:  Test</title>
<link href="../testng.css" rel="stylesheet" type="text/css" />
<link href="../my-testng.css" rel="stylesheet" type="text/css" />

<style type="text/css">
.log { display: none;} 
.stack-trace { display: none;} 
</style>
<script type="text/javascript">
<!--
function flip(e) {
  current = e.style.display;
  if (current == 'block') {
    e.style.display = 'none';
    return 0;
  }
  else {
    e.style.display = 'block';
    return 1;
  }
}

function toggleBox(szDivId, elem, msg1, msg2)
{
  var res = -1;  if (document.getElementById) {
    res = flip(document.getElementById(szDivId));
  }
  else if (document.all) {
    // this is the way old msie versions work
    res = flip(document.all[szDivId]);
  }
  if(elem) {
    if(res == 0) elem.innerHTML = msg1; else elem.innerHTML = msg2;
  }

}

function toggleAllBoxes() {
  if (document.getElementsByTagName) {
    d = document.getElementsByTagName('div');
    for (i = 0; i < d.length; i++) {
      if (d[i].className == 'log') {
        flip(d[i]);
      }
    }
  }
}

// -->
</script>

</head>
<body>
<h2 align='center'>Test</h2><table border='1' align="center">
<tr>
<td>Tests passed/Failed/Skipped:</td><td>8/1/0</td>
</tr><tr>
<td>Started on:</td><td>Sun May 17 21:49:35 IST 2020</td>
</tr>
<tr><td>Total time:</td><td>153 seconds (153498 ms)</td>
</tr><tr>
<td>Included groups:</td><td></td>
</tr><tr>
<td>Excluded groups:</td><td></td>
</tr>
</table><p/>
<small><i>(Hover the method name to see the test class name)</i></small><p/>
<table width='100%' border='1' class='invocation-failed'>
<tr><td colspan='4' align='center'><b>FAILED TESTS</b></td></tr>
<tr><td><b>Test method</b></td>
<td width="30%"><b>Exception</b></td>
<td width="10%"><b>Time (seconds)</b></td>
<td><b>Instance</b></td>
</tr>
<tr>
<td title='Tests.step8()'><b>step8</b><br>Test class: Tests<br>Test method: Click on Start free trial</td>
<td><div><pre>java.lang.AssertionError: Start Free Trial not available for this course. expected [true] but found [false]
	at Tests.step8(Tests.java:120)
	at java.util.ArrayList.forEach(ArrayList.java:1249)
... Removed 29 stack frames</pre></div><a href='#' onClick='toggleBox("stack-trace6400259", this, "Click to show all stack frames", "Click to hide stack frames")'>Click to show all stack frames</a>
<div class='stack-trace' id='stack-trace6400259'><pre>java.lang.AssertionError: Start Free Trial not available for this course. expected [true] but found [false]
	at org.testng.Assert.fail(Assert.java:97)
	at org.testng.Assert.failNotEquals(Assert.java:969)
	at org.testng.Assert.assertTrue(Assert.java:43)
	at Tests.step8(Tests.java:120)
	at sun.reflect.NativeMethodAccessorImpl.invoke0(Native Method)
	at sun.reflect.NativeMethodAccessorImpl.invoke(NativeMethodAccessorImpl.java:62)
	at sun.reflect.DelegatingMethodAccessorImpl.invoke(DelegatingMethodAccessorImpl.java:43)
	at java.lang.reflect.Method.invoke(Method.java:498)
	at org.testng.internal.MethodInvocationHelper.invokeMethod(MethodInvocationHelper.java:134)
	at org.testng.internal.TestInvoker.invokeMethod(TestInvoker.java:597)
	at org.testng.internal.TestInvoker.invokeTestMethod(TestInvoker.java:173)
	at org.testng.internal.MethodRunner.runInSequence(MethodRunner.java:46)
	at org.testng.internal.TestInvoker$MethodInvocationAgent.invoke(TestInvoker.java:816)
	at org.testng.internal.TestInvoker.invokeTestMethods(TestInvoker.java:146)
	at org.testng.internal.TestMethodWorker.invokeTestMethods(TestMethodWorker.java:146)
	at org.testng.internal.TestMethodWorker.run(TestMethodWorker.java:128)
	at java.util.ArrayList.forEach(ArrayList.java:1249)
	at org.testng.TestRunner.privateRun(TestRunner.java:766)
	at org.testng.TestRunner.run(TestRunner.java:587)
	at org.testng.SuiteRunner.runTest(SuiteRunner.java:384)
	at org.testng.SuiteRunner.runSequentially(SuiteRunner.java:378)
	at org.testng.SuiteRunner.privateRun(SuiteRunner.java:337)
	at org.testng.SuiteRunner.run(SuiteRunner.java:286)
	at org.testng.SuiteRunnerWorker.runSuite(SuiteRunnerWorker.java:53)
	at org.testng.SuiteRunnerWorker.run(SuiteRunnerWorker.java:96)
	at org.testng.TestNG.runSuitesSequentially(TestNG.java:1187)
	at org.testng.TestNG.runSuitesLocally(TestNG.java:1109)
	at org.testng.TestNG.runSuites(TestNG.java:1039)
	at org.testng.TestNG.run(TestNG.java:1007)
	at org.testng.IDEARemoteTestNG.run(IDEARemoteTestNG.java:73)
	at org.testng.RemoteTestNGStarter.main(RemoteTestNGStarter.java:123)
</pre></div></td>
<td>30</td>
<td>Tests@be92ad</td></tr>
</table><p>
<table width='100%' border='1' class='invocation-passed'>
<tr><td colspan='4' align='center'><b>PASSED TESTS</b></td></tr>
<tr><td><b>Test method</b></td>
<td width="30%"><b>Exception</b></td>
<td width="10%"><b>Time (seconds)</b></td>
<td><b>Instance</b></td>
</tr>
<tr>
<td title='Tests.step1()'><b>step1</b><br>Test class: Tests<br>Test method: Launch Gradeup main app and select SSC & Railway</td>
<td></td>
<td>13</td>
<td>Tests@be92ad</td></tr>
<tr>
<td title='Tests.step2()'><b>step2</b><br>Test class: Tests<br>Test method: Register using email.<br>Parameters: Test Test, jft0justfortesting@gmail.com, testpassword</td>
<td></td>
<td>22</td>
<td>Tests@be92ad</td></tr>
<tr>
<td title='Tests.step3()'><b>step3</b><br>Test class: Tests<br>Test method: Change exam to CTET & Teaching jobs<br>Parameters: ctet</td>
<td></td>
<td>8</td>
<td>Tests@be92ad</td></tr>
<tr>
<td title='Tests.step4()'><b>step4</b><br>Test class: Tests<br>Test method: Click Turn On button from Are you preparing for CTET & Teaching jobs</td>
<td></td>
<td>6</td>
<td>Tests@be92ad</td></tr>
<tr>
<td title='Tests.step5()'><b>step5</b><br>Test class: Tests<br>Test method: Verify Top heading on page<br>Parameters: ctet</td>
<td></td>
<td>5</td>
<td>Tests@be92ad</td></tr>
<tr>
<td title='Tests.step6()'><b>step6</b><br>Test class: Tests<br>Test method: Click on Classroom page from bottom page selection icons</td>
<td></td>
<td>0</td>
<td>Tests@be92ad</td></tr>
<tr>
<td title='Tests.step7()'><b>step7</b><br>Test class: Tests<br>Test method: Click on VIEW COURSE for the second course</td>
<td></td>
<td>10</td>
<td>Tests@be92ad</td></tr>
<tr>
<td title='Tests.step9()'><b>step9</b><br>Test class: Tests<br>Test method: Print the name of course and price on console</td>
<td></td>
<td>0</td>
<td>Tests@be92ad</td></tr>
</table><p>
</body>
</html>