<?xml version="1.0" encoding="UTF-8"?>
<testng-results skipped="0" failed="1" ignored="0" total="9" passed="8">
  <reporter-output>
  </reporter-output>
  <suite name="Suite" duration-ms="153498" started-at="2020-05-17T21:49:35 IST" finished-at="2020-05-17T21:52:09 IST">
    <groups>
    </groups>
    <test name="Test" duration-ms="153498" started-at="2020-05-17T21:49:35 IST" finished-at="2020-05-17T21:52:09 IST">
      <class name="Tests">
        <test-method status="PASS" signature="setUp()[pri:0, instance:Tests@be92ad]" name="setUp" is-config="true" duration-ms="55176" started-at="2020-05-17T21:49:35 IST" finished-at="2020-05-17T21:50:30 IST">
          <reporter-output>
          </reporter-output>
        </test-method> <!-- setUp -->
        <test-method status="PASS" signature="step1()[pri:1, instance:Tests@be92ad]" name="step1" duration-ms="13102" started-at="2020-05-17T21:50:31 IST" description="Launch Gradeup main app and select SSC &amp; Railway" finished-at="2020-05-17T21:50:44 IST">
          <reporter-output>
          </reporter-output>
        </test-method> <!-- step1 -->
        <test-method status="PASS" signature="step2(java.lang.String, java.lang.String, java.lang.String)[pri:2, instance:Tests@be92ad]" name="step2" duration-ms="22042" started-at="2020-05-17T21:50:44 IST" description="Register using email." data-provider="registrationData" finished-at="2020-05-17T21:51:06 IST">
          <params>
            <param index="0">
              <value>
                <![CDATA[Test Test]]>
              </value>
            </param>
            <param index="1">
              <value>
                <![CDATA[jft0justfortesting@gmail.com]]>
              </value>
            </param>
            <param index="2">
              <value>
                <![CDATA[testpassword]]>
              </value>
            </param>
          </params>
          <reporter-output>
          </reporter-output>
        </test-method> <!-- step2 -->
        <test-method status="PASS" signature="step3(java.lang.String)[pri:3, instance:Tests@be92ad]" name="step3" duration-ms="8830" started-at="2020-05-17T21:51:06 IST" description="Change exam to CTET &amp; Teaching jobs" data-provider="changeExam" finished-at="2020-05-17T21:51:15 IST">
          <params>
            <param index="0">
              <value>
                <![CDATA[ctet]]>
              </value>
            </param>
          </params>
          <reporter-output>
          </reporter-output>
        </test-method> <!-- step3 -->
        <test-method status="PASS" signature="step4()[pri:4, instance:Tests@be92ad]" name="step4" duration-ms="6500" started-at="2020-05-17T21:51:15 IST" description="Click Turn On button from Are you preparing for CTET &amp; Teaching jobs" finished-at="2020-05-17T21:51:21 IST">
          <reporter-output>
          </reporter-output>
        </test-method> <!-- step4 -->
        <test-method status="PASS" signature="step5(java.lang.String)[pri:5, instance:Tests@be92ad]" name="step5" duration-ms="5290" started-at="2020-05-17T21:51:21 IST" description="Verify Top heading on page" data-provider="changeExam" finished-at="2020-05-17T21:51:26 IST">
          <params>
            <param index="0">
              <value>
                <![CDATA[ctet]]>
              </value>
            </param>
          </params>
          <reporter-output>
          </reporter-output>
        </test-method> <!-- step5 -->
        <test-method status="PASS" signature="step6()[pri:6, instance:Tests@be92ad]" name="step6" duration-ms="234" started-at="2020-05-17T21:51:26 IST" description="Click on Classroom page from bottom page selection icons" finished-at="2020-05-17T21:51:27 IST">
          <reporter-output>
          </reporter-output>
        </test-method> <!-- step6 -->
        <test-method status="PASS" signature="step7()[pri:7, instance:Tests@be92ad]" name="step7" duration-ms="10749" started-at="2020-05-17T21:51:27 IST" description="Click on VIEW COURSE for the second course" finished-at="2020-05-17T21:51:37 IST">
          <reporter-output>
          </reporter-output>
        </test-method> <!-- step7 -->
        <test-method status="FAIL" signature="step8()[pri:8, instance:Tests@be92ad]" name="step8" duration-ms="30494" started-at="2020-05-17T21:51:37 IST" description="Click on Start free trial" finished-at="2020-05-17T21:52:08 IST">
          <exception class="java.lang.AssertionError">
            <message>
              <![CDATA[Start Free Trial not available for this course. expected [true] but found [false]]]>
            </message>
            <full-stacktrace>
              <![CDATA[java.lang.AssertionError: Start Free Trial not available for this course. expected [true] but found [false]
at org.testng.Assert.fail(Assert.java:97)
at org.testng.Assert.failNotEquals(Assert.java:969)
at org.testng.Assert.assertTrue(Assert.java:43)
at Tests.step8(Tests.java:120)
at sun.reflect.NativeMethodAccessorImpl.invoke0(Native Method)
at sun.reflect.NativeMethodAccessorImpl.invoke(NativeMethodAccessorImpl.java:62)
at sun.reflect.DelegatingMethodAccessorImpl.invoke(DelegatingMethodAccessorImpl.java:43)
at java.lang.reflect.Method.invoke(Method.java:498)
at org.testng.internal.MethodInvocationHelper.invokeMethod(MethodInvocationHelper.java:134)
at org.testng.internal.TestInvoker.invokeMethod(TestInvoker.java:597)
at org.testng.internal.TestInvoker.invokeTestMethod(TestInvoker.java:173)
at org.testng.internal.MethodRunner.runInSequence(MethodRunner.java:46)
at org.testng.internal.TestInvoker$MethodInvocationAgent.invoke(TestInvoker.java:816)
at org.testng.internal.TestInvoker.invokeTestMethods(TestInvoker.java:146)
at org.testng.internal.TestMethodWorker.invokeTestMethods(TestMethodWorker.java:146)
at org.testng.internal.TestMethodWorker.run(TestMethodWorker.java:128)
at java.util.ArrayList.forEach(ArrayList.java:1249)
at org.testng.TestRunner.privateRun(TestRunner.java:766)
at org.testng.TestRunner.run(TestRunner.java:587)
at org.testng.SuiteRunner.runTest(SuiteRunner.java:384)
at org.testng.SuiteRunner.runSequentially(SuiteRunner.java:378)
at org.testng.SuiteRunner.privateRun(SuiteRunner.java:337)
at org.testng.SuiteRunner.run(SuiteRunner.java:286)
at org.testng.SuiteRunnerWorker.runSuite(SuiteRunnerWorker.java:53)
at org.testng.SuiteRunnerWorker.run(SuiteRunnerWorker.java:96)
at org.testng.TestNG.runSuitesSequentially(TestNG.java:1187)
at org.testng.TestNG.runSuitesLocally(TestNG.java:1109)
at org.testng.TestNG.runSuites(TestNG.java:1039)
at org.testng.TestNG.run(TestNG.java:1007)
at org.testng.IDEARemoteTestNG.run(IDEARemoteTestNG.java:73)
at org.testng.RemoteTestNGStarter.main(RemoteTestNGStarter.java:123)
]]>
            </full-stacktrace>
          </exception> <!-- java.lang.AssertionError -->
          <reporter-output>
          </reporter-output>
        </test-method> <!-- step8 -->
        <test-method status="PASS" signature="step9()[pri:9, instance:Tests@be92ad]" name="step9" duration-ms="576" started-at="2020-05-17T21:52:08 IST" description="Print the name of course and price on console" finished-at="2020-05-17T21:52:08 IST">
          <reporter-output>
          </reporter-output>
        </test-method> <!-- step9 -->
        <test-method status="PASS" signature="closeApp()[pri:0, instance:Tests@be92ad]" name="closeApp" is-config="true" duration-ms="391" started-at="2020-05-17T21:52:08 IST" finished-at="2020-05-17T21:52:09 IST">
          <reporter-output>
          </reporter-output>
        </test-method> <!-- closeApp -->
      </class> <!-- Tests -->
    </test> <!-- Test -->
  </suite> <!-- Suite -->
</testng-results>
